<?xml version="1.0" encoding="UTF-8"?>
<testsuite xmlns:xsi="http://www.w3.org/2001/XMLSchema-instance" xsi:noNamespaceSchemaLocation="https://maven.apache.org/surefire/maven-surefire-plugin/xsd/surefire-test-report.xsd" version="3.0.2" name="com.betolara1.FileServiceTest" time="0.113" tests="2" errors="0" skipped="0" failures="0">
  <properties>
[...]
</properties>
  <testcase name="testSyncSystemFolder" classname="com.betolara1.FileServiceTest" time="0.087">
    <system-out><![CDATA[Status: Excluindo pasta Structures...
Status: Copiando arquivos da versão...
]]></system-out>
  </testcase>
  <testcase name="testDeleteDirectoryRecursively" classname="com.betolara1.FileServiceTest" time="0.005"/>
</testsuite>